2026-03-22T10:22:58 INFO incident.main app_startup
2026-03-22T10:22:58 INFO apscheduler.scheduler Adding job tentatively -- it will be properly scheduled when the scheduler starts
2026-03-22T10:22:58 INFO apscheduler.scheduler Added job "_run_refund_reconciliation" to job store "default"
2026-03-22T10:22:58 INFO apscheduler.scheduler Scheduler started
2026-03-22T10:22:58 INFO incident.refund_scheduler refund_scheduler_started
2026-03-22T10:22:58 INFO incident.main app_shutdown
2026-03-22T10:22:58 INFO apscheduler.scheduler Scheduler has been shut down
2026-03-22T10:22:58 INFO incident.refund_scheduler refund_scheduler_stopped
2026-03-22T10:23:12 INFO incident.main app_startup
2026-03-22T10:23:12 INFO apscheduler.scheduler Adding job tentatively -- it will be properly scheduled when the scheduler starts
2026-03-22T10:23:12 INFO apscheduler.scheduler Added job "_run_refund_reconciliation" to job store "default"
2026-03-22T10:23:12 INFO apscheduler.scheduler Scheduler started
2026-03-22T10:23:12 INFO incident.refund_scheduler refund_scheduler_started
2026-03-22T10:23:28 INFO incident.orders order_received request_id=req_30be62cf8035 order_id=ord_123 amount=149.99 sku=SKU-RED-TSHIRT
2026-03-22T10:23:28 ERROR incident.orders order_processing_failed request_id=req_30be62cf8035 order_id=ord_123 error=inventory reservation failed
Traceback (most recent call last):
  File "/Users/chetanmaviti/Documents/Projects/SpryntTest/checkout-ops-demo-py/.venv/lib/python3.14/site-packages/urllib3/connection.py", line 204, in _new_conn
    sock = connection.create_connection(
        (self._dns_host, self.port),
    ...<2 lines>...
        socket_options=self.socket_options,
    )
  File "/Users/chetanmaviti/Documents/Projects/SpryntTest/checkout-ops-demo-py/.venv/lib/python3.14/site-packages/urllib3/util/connection.py", line 85, in create_connection
    raise err
  File "/Users/chetanmaviti/Documents/Projects/SpryntTest/checkout-ops-demo-py/.venv/lib/python3.14/site-packages/urllib3/util/connection.py", line 73, in create_connection
    sock.connect(sa)
    ~~~~~~~~~~~~^^^^
ConnectionRefusedError: [Errno 61] Connection refused

The above exception was the direct cause of the following exception:

Traceback (most recent call last):
  File "/Users/chetanmaviti/Documents/Projects/SpryntTest/checkout-ops-demo-py/.venv/lib/python3.14/site-packages/urllib3/connectionpool.py", line 787, in urlopen
    response = self._make_request(
        conn,
    ...<10 lines>...
        **response_kw,
    )
  File "/Users/chetanmaviti/Documents/Projects/SpryntTest/checkout-ops-demo-py/.venv/lib/python3.14/site-packages/urllib3/connectionpool.py", line 493, in _make_request
    conn.request(
    ~~~~~~~~~~~~^
        method,
        ^^^^^^^
    ...<6 lines>...
        enforce_content_length=enforce_content_length,
        ^^^^^^^^^^^^^^^^^^^^^^^^^^^^^^^^^^^^^^^^^^^^^^
    )
    ^
  File "/Users/chetanmaviti/Documents/Projects/SpryntTest/checkout-ops-demo-py/.venv/lib/python3.14/site-packages/urllib3/connection.py", line 500, in request
    self.endheaders()
    ~~~~~~~~~~~~~~~^^
  File "/opt/homebrew/Cellar/python@3.14/3.14.2_1/Frameworks/Python.framework/Versions/3.14/lib/python3.14/http/client.py", line 1353, in endheaders
    self._send_output(message_body, encode_chunked=encode_chunked)
    ~~~~~~~~~~~~~~~~~^^^^^^^^^^^^^^^^^^^^^^^^^^^^^^^^^^^^^^^^^^^^^
  File "/opt/homebrew/Cellar/python@3.14/3.14.2_1/Frameworks/Python.framework/Versions/3.14/lib/python3.14/http/client.py", line 1113, in _send_output
    self.send(msg)
    ~~~~~~~~~^^^^^
  File "/opt/homebrew/Cellar/python@3.14/3.14.2_1/Frameworks/Python.framework/Versions/3.14/lib/python3.14/http/client.py", line 1057, in send
    self.connect()
    ~~~~~~~~~~~~^^
  File "/Users/chetanmaviti/Documents/Projects/SpryntTest/checkout-ops-demo-py/.venv/lib/python3.14/site-packages/urllib3/connection.py", line 331, in connect
    self.sock = self._new_conn()
                ~~~~~~~~~~~~~~^^
  File "/Users/chetanmaviti/Documents/Projects/SpryntTest/checkout-ops-demo-py/.venv/lib/python3.14/site-packages/urllib3/connection.py", line 219, in _new_conn
    raise NewConnectionError(
        self, f"Failed to establish a new connection: {e}"
    ) from e
urllib3.exceptions.NewConnectionError: HTTPConnection(host='127.0.0.1', port=9002): Failed to establish a new connection: [Errno 61] Connection refused

The above exception was the direct cause of the following exception:

Traceback (most recent call last):
  File "/Users/chetanmaviti/Documents/Projects/SpryntTest/checkout-ops-demo-py/.venv/lib/python3.14/site-packages/requests/adapters.py", line 644, in send
    resp = conn.urlopen(
        method=request.method,
    ...<9 lines>...
        chunked=chunked,
    )
  File "/Users/chetanmaviti/Documents/Projects/SpryntTest/checkout-ops-demo-py/.venv/lib/python3.14/site-packages/urllib3/connectionpool.py", line 841, in urlopen
    retries = retries.increment(
        method, url, error=new_e, _pool=self, _stacktrace=sys.exc_info()[2]
    )
  File "/Users/chetanmaviti/Documents/Projects/SpryntTest/checkout-ops-demo-py/.venv/lib/python3.14/site-packages/urllib3/util/retry.py", line 535, in increment
    raise MaxRetryError(_pool, url, reason) from reason  # type: ignore[arg-type]
    ^^^^^^^^^^^^^^^^^^^^^^^^^^^^^^^^^^^^^^^^^^^^^^^^^^^
urllib3.exceptions.MaxRetryError: HTTPConnectionPool(host='127.0.0.1', port=9002): Max retries exceeded with url: /inventory/reserve (Caused by NewConnectionError("HTTPConnection(host='127.0.0.1', port=9002): Failed to establish a new connection: [Errno 61] Connection refused"))

During handling of the above exception, another exception occurred:

Traceback (most recent call last):
  File "/Users/chetanmaviti/Documents/Projects/SpryntTest/checkout-ops-demo-py/app/services/inventory_client.py", line 11, in reserve_inventory
    response = requests.post(INVENTORY_URL, json=payload, timeout=1.5)
  File "/Users/chetanmaviti/Documents/Projects/SpryntTest/checkout-ops-demo-py/.venv/lib/python3.14/site-packages/requests/api.py", line 115, in post
    return request("post", url, data=data, json=json, **kwargs)
  File "/Users/chetanmaviti/Documents/Projects/SpryntTest/checkout-ops-demo-py/.venv/lib/python3.14/site-packages/requests/api.py", line 59, in request
    return session.request(method=method, url=url, **kwargs)
           ~~~~~~~~~~~~~~~^^^^^^^^^^^^^^^^^^^^^^^^^^^^^^^^^^
  File "/Users/chetanmaviti/Documents/Projects/SpryntTest/checkout-ops-demo-py/.venv/lib/python3.14/site-packages/requests/sessions.py", line 589, in request
    resp = self.send(prep, **send_kwargs)
  File "/Users/chetanmaviti/Documents/Projects/SpryntTest/checkout-ops-demo-py/.venv/lib/python3.14/site-packages/requests/sessions.py", line 703, in send
    r = adapter.send(request, **kwargs)
  File "/Users/chetanmaviti/Documents/Projects/SpryntTest/checkout-ops-demo-py/.venv/lib/python3.14/site-packages/requests/adapters.py", line 677, in send
    raise ConnectionError(e, request=request)
requests.exceptions.ConnectionError: HTTPConnectionPool(host='127.0.0.1', port=9002): Max retries exceeded with url: /inventory/reserve (Caused by NewConnectionError("HTTPConnection(host='127.0.0.1', port=9002): Failed to establish a new connection: [Errno 61] Connection refused"))

The above exception was the direct cause of the following exception:

Traceback (most recent call last):
  File "/Users/chetanmaviti/Documents/Projects/SpryntTest/checkout-ops-demo-py/app/api/orders.py", line 55, in create_order
    reserve_inventory(payload)
    ~~~~~~~~~~~~~~~~~^^^^^^^^^
  File "/Users/chetanmaviti/Documents/Projects/SpryntTest/checkout-ops-demo-py/app/services/inventory_client.py", line 17, in reserve_inventory
    raise RuntimeError("inventory reservation failed") from exc
RuntimeError: inventory reservation failed
2026-03-22T10:23:28 INFO incident.orders order_received request_id=req_29cc31cedd97 order_id=ord_9999 amount=7000.00 sku=SKU-GOLD-BUNDLE
2026-03-22T10:23:28 ERROR incident.orders payload_dump={'orderId': 'ord_9999', 'userId': 'usr_2', 'amount': 7000.0, 'sku': 'SKU-GOLD-BUNDLE'}
2026-03-22T10:23:28 ERROR incident.orders stack=Traceback (most recent call last):
  File "/Users/chetanmaviti/Documents/Projects/SpryntTest/checkout-ops-demo-py/app/api/orders.py", line 53, in create_order
    raise ValueError("high risk transaction requires manual review")
ValueError: high risk transaction requires manual review

2026-03-22T10:23:28 ERROR incident.orders order_processing_failed_without_correlation
Traceback (most recent call last):
  File "/Users/chetanmaviti/Documents/Projects/SpryntTest/checkout-ops-demo-py/app/api/orders.py", line 53, in create_order
    raise ValueError("high risk transaction requires manual review")
ValueError: high risk transaction requires manual review
